Determining if the pthread_create exist failed with the following output:
Change Dir: /home/u30/mbarmstrong/ece569/build_dir/CMakeFiles/CMakeTmp

Run Build Command:"/usr/bin/gmake" "cmTC_c07a3/fast"
/usr/bin/gmake -f CMakeFiles/cmTC_c07a3.dir/build.make CMakeFiles/cmTC_c07a3.dir/build
gmake[1]: Entering directory `/home/u30/mbarmstrong/ece569/build_dir/CMakeFiles/CMakeTmp'
Building C object CMakeFiles/cmTC_c07a3.dir/CheckSymbolExists.c.o
/cm/local/apps/gcc/6.1.0/bin/gcc    -fPIC    -o CMakeFiles/cmTC_c07a3.dir/CheckSymbolExists.c.o   -c /home/u30/mbarmstrong/ece569/build_dir/CMakeFiles/CMakeTmp/CheckSymbolExists.c
Linking C executable cmTC_c07a3
/usr/bin/cmake3 -E cmake_link_script CMakeFiles/cmTC_c07a3.dir/link.txt --verbose=1
/cm/local/apps/gcc/6.1.0/bin/gcc  -fPIC     CMakeFiles/cmTC_c07a3.dir/CheckSymbolExists.c.o  -o cmTC_c07a3 -rdynamic 
CMakeFiles/cmTC_c07a3.dir/CheckSymbolExists.c.o: In function `main':
CheckSymbolExists.c:(.text+0x1b): undefined reference to `pthread_create'
collect2: error: ld returned 1 exit status
gmake[1]: *** [cmTC_c07a3] Error 1
gmake[1]: Leaving directory `/home/u30/mbarmstrong/ece569/build_dir/CMakeFiles/CMakeTmp'
gmake: *** [cmTC_c07a3/fast] Error 2

File /home/u30/mbarmstrong/ece569/build_dir/CMakeFiles/CMakeTmp/CheckSymbolExists.c:
/* */
#include <pthread.h>

int main(int argc, char** argv)
{
  (void)argv;
#ifndef pthread_create
  return ((int*)(&pthread_create))[argc];
#else
  (void)argc;
  return 0;
#endif
}

Determining if the function pthread_create exists in the pthreads failed with the following output:
Change Dir: /home/u30/mbarmstrong/ece569/build_dir/CMakeFiles/CMakeTmp

Run Build Command:"/usr/bin/gmake" "cmTC_778c1/fast"
/usr/bin/gmake -f CMakeFiles/cmTC_778c1.dir/build.make CMakeFiles/cmTC_778c1.dir/build
gmake[1]: Entering directory `/home/u30/mbarmstrong/ece569/build_dir/CMakeFiles/CMakeTmp'
Building C object CMakeFiles/cmTC_778c1.dir/CheckFunctionExists.c.o
/cm/local/apps/gcc/6.1.0/bin/gcc    -fPIC -DCHECK_FUNCTION_EXISTS=pthread_create   -o CMakeFiles/cmTC_778c1.dir/CheckFunctionExists.c.o   -c /usr/share/cmake3/Modules/CheckFunctionExists.c
Linking C executable cmTC_778c1
/usr/bin/cmake3 -E cmake_link_script CMakeFiles/cmTC_778c1.dir/link.txt --verbose=1
/cm/local/apps/gcc/6.1.0/bin/gcc  -fPIC -DCHECK_FUNCTION_EXISTS=pthread_create    CMakeFiles/cmTC_778c1.dir/CheckFunctionExists.c.o  -o cmTC_778c1 -rdynamic -lpthreads 
/usr/bin/ld: cannot find -lpthreads
collect2: error: ld returned 1 exit status
gmake[1]: *** [cmTC_778c1] Error 1
gmake[1]: Leaving directory `/home/u30/mbarmstrong/ece569/build_dir/CMakeFiles/CMakeTmp'
gmake: *** [cmTC_778c1/fast] Error 2


